<?xml version="1.0" encoding="UTF-8"?>
<testsuite name="com.cg.junit.UserRegistrationTest" tests="1" skipped="0" failures="0" errors="0" timestamp="2020-10-06T18:40:30" hostname="DESKTOP-AURK5V2" time="0.002">
  <properties/>
  <testcase name="givenPassword_whenMatches_ShouldReturn" classname="com.cg.junit.UserRegistrationTest" time="0.002"/>
  <system-out><![CDATA[]]></system-out>
  <system-err><![CDATA[]]></system-err>
</testsuite>
