<?xml version="1.0" encoding="UTF-8"?>
<testsuite name="com.cg.junit.UserRegistrationTest" tests="24" skipped="0" failures="0" errors="0" timestamp="2020-10-09T09:17:00" hostname="DESKTOP-AURK5V2" time="0.014">
  <properties/>
  <testcase name="givenEmail_whenEntered_shouldReturnEqual[0]" classname="com.cg.junit.UserRegistrationTest" time="0.001"/>
  <testcase name="givenEmail_whenEntered_shouldReturnEqual[1]" classname="com.cg.junit.UserRegistrationTest" time="0.001"/>
  <testcase name="givenEmail_whenEntered_shouldReturnEqual[2]" classname="com.cg.junit.UserRegistrationTest" time="0.0"/>
  <testcase name="givenEmail_whenEntered_shouldReturnEqual[3]" classname="com.cg.junit.UserRegistrationTest" time="0.0"/>
  <testcase name="givenEmail_whenEntered_shouldReturnEqual[4]" classname="com.cg.junit.UserRegistrationTest" time="0.001"/>
  <testcase name="givenEmail_whenEntered_shouldReturnEqual[5]" classname="com.cg.junit.UserRegistrationTest" time="0.0"/>
  <testcase name="givenEmail_whenEntered_shouldReturnEqual[6]" classname="com.cg.junit.UserRegistrationTest" time="0.0"/>
  <testcase name="givenEmail_whenEntered_shouldReturnEqual[7]" classname="com.cg.junit.UserRegistrationTest" time="0.0"/>
  <testcase name="givenEmail_whenEntered_shouldReturnEqual[8]" classname="com.cg.junit.UserRegistrationTest" time="0.001"/>
  <testcase name="givenEmail_whenEntered_shouldReturnEqual[9]" classname="com.cg.junit.UserRegistrationTest" time="0.0"/>
  <testcase name="givenEmail_whenEntered_shouldReturnEqual[10]" classname="com.cg.junit.UserRegistrationTest" time="0.001"/>
  <testcase name="givenEmail_whenEntered_shouldReturnEqual[11]" classname="com.cg.junit.UserRegistrationTest" time="0.0"/>
  <testcase name="givenEmail_whenEntered_shouldReturnEqual[12]" classname="com.cg.junit.UserRegistrationTest" time="0.0"/>
  <testcase name="givenEmail_whenEntered_shouldReturnEqual[13]" classname="com.cg.junit.UserRegistrationTest" time="0.0"/>
  <testcase name="givenEmail_whenEntered_shouldReturnEqual[14]" classname="com.cg.junit.UserRegistrationTest" time="0.001"/>
  <testcase name="givenEmail_whenEntered_shouldReturnEqual[15]" classname="com.cg.junit.UserRegistrationTest" time="0.001"/>
  <testcase name="givenEmail_whenEntered_shouldReturnEqual[16]" classname="com.cg.junit.UserRegistrationTest" time="0.0"/>
  <testcase name="givenEmail_whenEntered_shouldReturnEqual[17]" classname="com.cg.junit.UserRegistrationTest" time="0.001"/>
  <testcase name="givenEmail_whenEntered_shouldReturnEqual[18]" classname="com.cg.junit.UserRegistrationTest" time="0.0"/>
  <testcase name="givenEmail_whenEntered_shouldReturnEqual[19]" classname="com.cg.junit.UserRegistrationTest" time="0.001"/>
  <testcase name="givenEmail_whenEntered_shouldReturnEqual[20]" classname="com.cg.junit.UserRegistrationTest" time="0.0"/>
  <testcase name="givenEmail_whenEntered_shouldReturnEqual[21]" classname="com.cg.junit.UserRegistrationTest" time="0.001"/>
  <testcase name="givenEmail_whenEntered_shouldReturnEqual[22]" classname="com.cg.junit.UserRegistrationTest" time="0.0"/>
  <testcase name="givenEmail_whenEntered_shouldReturnEqual[23]" classname="com.cg.junit.UserRegistrationTest" time="0.0"/>
  <system-out><![CDATA[]]></system-out>
  <system-err><![CDATA[]]></system-err>
</testsuite>
