<?xml version="1.0" encoding="UTF-8"?>
<testsuite name="com.cg.junit.UserRegistrationTest" tests="3" skipped="0" failures="0" errors="0" timestamp="2020-10-09T06:06:54" hostname="DESKTOP-AURK5V2" time="0.006">
  <properties/>
  <testcase name="givenLastName_whenNotProper_shouldReturnFalse" classname="com.cg.junit.UserRegistrationTest" time="0.004"/>
  <testcase name="givenFirstName_whenSpecialChar_shouldReturnFalse" classname="com.cg.junit.UserRegistrationTest" time="0.0"/>
  <testcase name="givenLastName_whenProper_shouldReturnTrue" classname="com.cg.junit.UserRegistrationTest" time="0.0"/>
  <system-out><![CDATA[]]></system-out>
  <system-err><![CDATA[]]></system-err>
</testsuite>
