<?xml version="1.0" encoding="UTF-8"?>
<testsuite name="com.cg.junit.UserRegistrationTest" tests="1" skipped="0" failures="0" errors="0" timestamp="2020-10-09T09:32:24" hostname="DESKTOP-AURK5V2" time="0.001">
  <properties/>
  <testcase name="givenFirstName_whenNotProper_shouldReturnFalse" classname="com.cg.junit.UserRegistrationTest" time="0.001"/>
  <system-out><![CDATA[]]></system-out>
  <system-err><![CDATA[]]></system-err>
</testsuite>
