<?xml version="1.0" encoding="UTF-8"?>
<testsuite name="com.cg.junit.UserRegistrationTest" tests="1" skipped="0" failures="0" errors="0" timestamp="2020-10-08T02:01:50" hostname="DESKTOP-AURK5V2" time="0.004">
  <properties/>
  <testcase name="givenEmail_whenEntered_shouldReturnCorrect" classname="com.cg.junit.UserRegistrationTest" time="0.004"/>
  <system-out><![CDATA[]]></system-out>
  <system-err><![CDATA[]]></system-err>
</testsuite>
